d:\julek\prace\inne\c++\fallnblocks\fallnblocks\fallnblocks\release\vc140.pdb
d:\julek\prace\inne\c++\fallnblocks\fallnblocks\fallnblocks\release\trackbar.obj
d:\julek\prace\inne\c++\fallnblocks\fallnblocks\fallnblocks\release\source.obj
d:\julek\prace\inne\c++\fallnblocks\fallnblocks\fallnblocks\release\settingsmanager.obj
d:\julek\prace\inne\c++\fallnblocks\fallnblocks\fallnblocks\release\player.obj
d:\julek\prace\inne\c++\fallnblocks\fallnblocks\fallnblocks\release\option.obj
d:\julek\prace\inne\c++\fallnblocks\fallnblocks\fallnblocks\release\menu.obj
d:\julek\prace\inne\c++\fallnblocks\fallnblocks\fallnblocks\release\map.obj
d:\julek\prace\inne\c++\fallnblocks\fallnblocks\fallnblocks\release\game.obj
d:\julek\prace\inne\c++\fallnblocks\fallnblocks\fallnblocks\release\dropdownlist.obj
d:\julek\prace\inne\c++\fallnblocks\fallnblocks\fallnblocks\release\chunk.obj
d:\julek\prace\inne\c++\fallnblocks\fallnblocks\fallnblocks\release\button.obj
d:\julek\prace\inne\c++\fallnblocks\fallnblocks\fallnblocks\release\block.obj
d:\julek\prace\inne\c++\fallnblocks\fallnblocks\fallnblocks\release\animatedobject.obj
d:\julek\prace\inne\c++\fallnblocks\fallnblocks\fallnblocks\release\progressbar.obj
d:\julek\prace\inne\c++\fallnblocks\fallnblocks\release\rungame.exe
d:\julek\prace\inne\c++\fallnblocks\fallnblocks\release\rungame.ipdb
d:\julek\prace\inne\c++\fallnblocks\fallnblocks\release\rungame.iobj
d:\julek\prace\inne\c++\fallnblocks\fallnblocks\release\rungame.pdb
d:\julek\prace\inne\c++\fallnblocks\fallnblocks\fallnblocks\release\rungame.res
d:\julek\prace\inne\c++\fallnblocks\fallnblocks\fallnblocks\release\rungame.tlog\cl.command.1.tlog
d:\julek\prace\inne\c++\fallnblocks\fallnblocks\fallnblocks\release\rungame.tlog\cl.read.1.tlog
d:\julek\prace\inne\c++\fallnblocks\fallnblocks\fallnblocks\release\rungame.tlog\cl.write.1.tlog
d:\julek\prace\inne\c++\fallnblocks\fallnblocks\fallnblocks\release\rungame.tlog\link.command.1.tlog
d:\julek\prace\inne\c++\fallnblocks\fallnblocks\fallnblocks\release\rungame.tlog\link.read.1.tlog
d:\julek\prace\inne\c++\fallnblocks\fallnblocks\fallnblocks\release\rungame.tlog\link.write.1.tlog
d:\julek\prace\inne\c++\fallnblocks\fallnblocks\fallnblocks\release\rungame.tlog\rc.command.1.tlog
d:\julek\prace\inne\c++\fallnblocks\fallnblocks\fallnblocks\release\rungame.tlog\rc.read.1.tlog
d:\julek\prace\inne\c++\fallnblocks\fallnblocks\fallnblocks\release\rungame.tlog\rc.write.1.tlog
